0 info it worked if it ends with ok
1 verbose cli [ '/home/kbye/.nvm/versions/node/v5.4.0/bin/node',
1 verbose cli   '/home/kbye/.nvm/versions/node/v5.4.0/bin/npm',
1 verbose cli   'i' ]
2 info using npm@3.3.12
3 info using node@v5.4.0
4 silly loadCurrentTree Starting
5 silly install loadCurrentTree
6 silly install readLocalPackageData
7 silly install normalizeTree
8 silly loadCurrentTree Finishing
9 silly loadIdealTree Starting
10 silly install loadIdealTree
11 silly cloneCurrentTree Starting
12 silly install cloneCurrentTreeToIdealTree
13 silly cloneCurrentTree Finishing
14 silly loadShrinkwrap Starting
15 silly install loadShrinkwrap
16 silly loadShrinkwrap Finishing
17 silly loadAllDepsIntoIdealTree Starting
18 silly install loadAllDepsIntoIdealTree
19 silly fetchNamedPackageData @angular/common
20 silly mapToRegistry name @angular/common
21 silly mapToRegistry scope (from package name) @angular
22 verbose mapToRegistry no registry URL found in name for scope @angular
23 silly mapToRegistry using default registry
24 silly mapToRegistry registry https://registry.npmjs.org/
25 silly mapToRegistry uri https://registry.npmjs.org/@angular%2fcommon
26 silly fetchNamedPackageData @angular/compiler
27 silly mapToRegistry name @angular/compiler
28 silly mapToRegistry scope (from package name) @angular
29 verbose mapToRegistry no registry URL found in name for scope @angular
30 silly mapToRegistry using default registry
31 silly mapToRegistry registry https://registry.npmjs.org/
32 silly mapToRegistry uri https://registry.npmjs.org/@angular%2fcompiler
33 silly fetchNamedPackageData @angular/core
34 silly mapToRegistry name @angular/core
35 silly mapToRegistry scope (from package name) @angular
36 verbose mapToRegistry no registry URL found in name for scope @angular
37 silly mapToRegistry using default registry
38 silly mapToRegistry registry https://registry.npmjs.org/
39 silly mapToRegistry uri https://registry.npmjs.org/@angular%2fcore
40 silly fetchNamedPackageData @angular/http
41 silly mapToRegistry name @angular/http
42 silly mapToRegistry scope (from package name) @angular
43 verbose mapToRegistry no registry URL found in name for scope @angular
44 silly mapToRegistry using default registry
45 silly mapToRegistry registry https://registry.npmjs.org/
46 silly mapToRegistry uri https://registry.npmjs.org/@angular%2fhttp
47 silly fetchNamedPackageData @angular/platform-browser
48 silly mapToRegistry name @angular/platform-browser
49 silly mapToRegistry scope (from package name) @angular
50 verbose mapToRegistry no registry URL found in name for scope @angular
51 silly mapToRegistry using default registry
52 silly mapToRegistry registry https://registry.npmjs.org/
53 silly mapToRegistry uri https://registry.npmjs.org/@angular%2fplatform-browser
54 silly fetchNamedPackageData @angular/platform-browser-dynamic
55 silly mapToRegistry name @angular/platform-browser-dynamic
56 silly mapToRegistry scope (from package name) @angular
57 verbose mapToRegistry no registry URL found in name for scope @angular
58 silly mapToRegistry using default registry
59 silly mapToRegistry registry https://registry.npmjs.org/
60 silly mapToRegistry uri https://registry.npmjs.org/@angular%2fplatform-browser-dynamic
61 silly fetchNamedPackageData @angular/router
62 silly mapToRegistry name @angular/router
63 silly mapToRegistry scope (from package name) @angular
64 verbose mapToRegistry no registry URL found in name for scope @angular
65 silly mapToRegistry using default registry
66 silly mapToRegistry registry https://registry.npmjs.org/
67 silly mapToRegistry uri https://registry.npmjs.org/@angular%2frouter
68 silly fetchNamedPackageData @angular/router-deprecated
69 silly mapToRegistry name @angular/router-deprecated
70 silly mapToRegistry scope (from package name) @angular
71 verbose mapToRegistry no registry URL found in name for scope @angular
72 silly mapToRegistry using default registry
73 silly mapToRegistry registry https://registry.npmjs.org/
74 silly mapToRegistry uri https://registry.npmjs.org/@angular%2frouter-deprecated
75 silly fetchNamedPackageData @angular/upgrade
76 silly mapToRegistry name @angular/upgrade
77 silly mapToRegistry scope (from package name) @angular
78 verbose mapToRegistry no registry URL found in name for scope @angular
79 silly mapToRegistry using default registry
80 silly mapToRegistry registry https://registry.npmjs.org/
81 silly mapToRegistry uri https://registry.npmjs.org/@angular%2fupgrade
82 verbose request uri https://registry.npmjs.org/@angular%2fcommon
83 verbose request no auth needed
84 info attempt registry request try #1 at 4:41:30 PM
85 verbose request id c27d1f584cd94856
86 verbose etag "8DUVDRGU6AJMDWWNUEEV385NS"
87 http request GET https://registry.npmjs.org/@angular%2fcommon
88 verbose request uri https://registry.npmjs.org/@angular%2fcore
89 verbose request no auth needed
90 info attempt registry request try #1 at 4:41:30 PM
91 verbose etag "EQ89SMWR52M9XV4KSO7GOCOQF"
92 http request GET https://registry.npmjs.org/@angular%2fcore
93 verbose request uri https://registry.npmjs.org/@angular%2fplatform-browser
94 verbose request no auth needed
95 info attempt registry request try #1 at 4:41:30 PM
96 verbose etag "AHFKJFX3VT3NBRBZJKVUJNT42"
97 http request GET https://registry.npmjs.org/@angular%2fplatform-browser
98 verbose request uri https://registry.npmjs.org/@angular%2fhttp
99 verbose request no auth needed
100 info attempt registry request try #1 at 4:41:30 PM
101 verbose etag "977RGYB97ZA63D5TEORQ1BXOS"
102 http request GET https://registry.npmjs.org/@angular%2fhttp
103 verbose request uri https://registry.npmjs.org/@angular%2fcompiler
104 verbose request no auth needed
105 info attempt registry request try #1 at 4:41:30 PM
106 verbose etag "7W1GZ4JULQLQB6236RLHSHDCF"
107 http request GET https://registry.npmjs.org/@angular%2fcompiler
108 verbose request uri https://registry.npmjs.org/@angular%2frouter
109 verbose request no auth needed
110 info attempt registry request try #1 at 4:41:30 PM
111 verbose etag "1QUL7382X87POPIANKVJ09LS9"
112 http request GET https://registry.npmjs.org/@angular%2frouter
113 verbose request uri https://registry.npmjs.org/@angular%2fplatform-browser-dynamic
114 verbose request no auth needed
115 info attempt registry request try #1 at 4:41:30 PM
116 verbose etag "ANVZEOCDI0LK0930Z3I9W0JL7"
117 http request GET https://registry.npmjs.org/@angular%2fplatform-browser-dynamic
118 verbose request uri https://registry.npmjs.org/@angular%2frouter-deprecated
119 verbose request no auth needed
120 info attempt registry request try #1 at 4:41:30 PM
121 verbose etag "5EABF4P83QXL0XJ02D6MHPIYL"
122 http request GET https://registry.npmjs.org/@angular%2frouter-deprecated
123 verbose request uri https://registry.npmjs.org/@angular%2fupgrade
124 verbose request no auth needed
125 info attempt registry request try #1 at 4:41:30 PM
126 verbose etag "AFSS84AU6ELQG71RVWF3US5NZ"
127 http request GET https://registry.npmjs.org/@angular%2fupgrade
128 http 200 https://registry.npmjs.org/@angular%2fcommon
129 verbose headers { server: 'CouchDB/1.5.0 (Erlang OTP/R16B03)',
129 verbose headers   etag: '"CGZTS01IP31IU0I6WA2FWMEIU"',
129 verbose headers   'content-type': 'application/json',
129 verbose headers   'content-encoding': 'gzip',
129 verbose headers   'cache-control': 'max-age=0',
129 verbose headers   'transfer-encoding': 'chunked',
129 verbose headers   'accept-ranges': 'bytes',
129 verbose headers   date: 'Wed, 06 Jul 2016 21:41:30 GMT',
129 verbose headers   via: '1.1 varnish',
129 verbose headers   age: '0',
129 verbose headers   connection: 'keep-alive',
129 verbose headers   'x-served-by': 'cache-dfw1836-DFW',
129 verbose headers   'x-cache': 'MISS',
129 verbose headers   'x-cache-hits': '0',
129 verbose headers   'x-timer': 'S1467841290.866270,VS0,VE130',
129 verbose headers   vary: 'Accept-Encoding' }
130 silly get cb [ 200,
130 silly get   { server: 'CouchDB/1.5.0 (Erlang OTP/R16B03)',
130 silly get     etag: '"CGZTS01IP31IU0I6WA2FWMEIU"',
130 silly get     'content-type': 'application/json',
130 silly get     'content-encoding': 'gzip',
130 silly get     'cache-control': 'max-age=0',
130 silly get     'transfer-encoding': 'chunked',
130 silly get     'accept-ranges': 'bytes',
130 silly get     date: 'Wed, 06 Jul 2016 21:41:30 GMT',
130 silly get     via: '1.1 varnish',
130 silly get     age: '0',
130 silly get     connection: 'keep-alive',
130 silly get     'x-served-by': 'cache-dfw1836-DFW',
130 silly get     'x-cache': 'MISS',
130 silly get     'x-cache-hits': '0',
130 silly get     'x-timer': 'S1467841290.866270,VS0,VE130',
130 silly get     vary: 'Accept-Encoding' } ]
131 verbose get saving @angular/common to /home/kbye/.npm/registry.npmjs.org/_40angular_252fcommon/.cache.json
132 silly resolveWithNewModule @angular/common@2.0.0-rc.4 checking installable status
133 silly cache add args [ '@angular/common@2.0.0-rc.4', null ]
134 verbose cache add spec @angular/common@2.0.0-rc.4
135 silly cache add parsed spec Result {
135 silly cache add   raw: '@angular/common@2.0.0-rc.4',
135 silly cache add   scope: '@angular',
135 silly cache add   name: '@angular/common',
135 silly cache add   rawSpec: '2.0.0-rc.4',
135 silly cache add   spec: '2.0.0-rc.4',
135 silly cache add   type: 'version' }
136 silly addNamed @angular/common@2.0.0-rc.4
137 verbose addNamed "2.0.0-rc.4" is a plain semver version for @angular/common
138 silly mapToRegistry name @angular/common
139 silly mapToRegistry scope (from package name) @angular
140 verbose mapToRegistry no registry URL found in name for scope @angular
141 silly mapToRegistry using default registry
142 silly mapToRegistry registry https://registry.npmjs.org/
143 silly mapToRegistry uri https://registry.npmjs.org/@angular%2fcommon
144 verbose addNameVersion registry:https://registry.npmjs.org/@angular%2fcommon not in flight; fetching
145 verbose get https://registry.npmjs.org/@angular%2fcommon not expired, no request
146 silly mapToRegistry name @angular/common
147 silly mapToRegistry scope (from package name) @angular
148 verbose mapToRegistry no registry URL found in name for scope @angular
149 silly mapToRegistry using default registry
150 silly mapToRegistry registry https://registry.npmjs.org/
151 silly mapToRegistry uri https://registry.npmjs.org/@angular%2fcommon
152 verbose addRemoteTarball https://registry.npmjs.org/@angular/common/-/common-2.0.0-rc.4.tgz not in flight; adding
153 verbose addRemoteTarball [ 'https://registry.npmjs.org/@angular/common/-/common-2.0.0-rc.4.tgz',
153 verbose addRemoteTarball   'c3b0a87cd1e316be2a940bb80319e055898f89e6' ]
154 info retry fetch attempt 1 at 4:41:31 PM
155 info attempt registry request try #1 at 4:41:31 PM
156 http fetch GET https://registry.npmjs.org/@angular/common/-/common-2.0.0-rc.4.tgz
157 http 200 https://registry.npmjs.org/@angular%2fplatform-browser-dynamic
158 verbose headers { server: 'CouchDB/1.5.0 (Erlang OTP/R16B03)',
158 verbose headers   etag: '"EAJDGF3RQXE692DCJE40D7TQH"',
158 verbose headers   'content-type': 'application/json',
158 verbose headers   'content-encoding': 'gzip',
158 verbose headers   'cache-control': 'max-age=0',
158 verbose headers   'transfer-encoding': 'chunked',
158 verbose headers   'accept-ranges': 'bytes',
158 verbose headers   date: 'Wed, 06 Jul 2016 21:41:31 GMT',
158 verbose headers   via: '1.1 varnish',
158 verbose headers   age: '0',
158 verbose headers   connection: 'keep-alive',
158 verbose headers   'x-served-by': 'cache-dfw1826-DFW',
158 verbose headers   'x-cache': 'MISS',
158 verbose headers   'x-cache-hits': '0',
158 verbose headers   'x-timer': 'S1467841290.920506,VS0,VE307',
158 verbose headers   vary: 'Accept-Encoding' }
159 silly get cb [ 200,
159 silly get   { server: 'CouchDB/1.5.0 (Erlang OTP/R16B03)',
159 silly get     etag: '"EAJDGF3RQXE692DCJE40D7TQH"',
159 silly get     'content-type': 'application/json',
159 silly get     'content-encoding': 'gzip',
159 silly get     'cache-control': 'max-age=0',
159 silly get     'transfer-encoding': 'chunked',
159 silly get     'accept-ranges': 'bytes',
159 silly get     date: 'Wed, 06 Jul 2016 21:41:31 GMT',
159 silly get     via: '1.1 varnish',
159 silly get     age: '0',
159 silly get     connection: 'keep-alive',
159 silly get     'x-served-by': 'cache-dfw1826-DFW',
159 silly get     'x-cache': 'MISS',
159 silly get     'x-cache-hits': '0',
159 silly get     'x-timer': 'S1467841290.920506,VS0,VE307',
159 silly get     vary: 'Accept-Encoding' } ]
160 verbose get saving @angular/platform-browser-dynamic to /home/kbye/.npm/registry.npmjs.org/_40angular_252fplatform-browser-dynamic/.cache.json
161 silly resolveWithNewModule @angular/platform-browser-dynamic@2.0.0-rc.4 checking installable status
162 silly cache add args [ '@angular/platform-browser-dynamic@2.0.0-rc.4', null ]
163 verbose cache add spec @angular/platform-browser-dynamic@2.0.0-rc.4
164 silly cache add parsed spec Result {
164 silly cache add   raw: '@angular/platform-browser-dynamic@2.0.0-rc.4',
164 silly cache add   scope: '@angular',
164 silly cache add   name: '@angular/platform-browser-dynamic',
164 silly cache add   rawSpec: '2.0.0-rc.4',
164 silly cache add   spec: '2.0.0-rc.4',
164 silly cache add   type: 'version' }
165 silly addNamed @angular/platform-browser-dynamic@2.0.0-rc.4
166 verbose addNamed "2.0.0-rc.4" is a plain semver version for @angular/platform-browser-dynamic
167 silly mapToRegistry name @angular/platform-browser-dynamic
168 silly mapToRegistry scope (from package name) @angular
169 verbose mapToRegistry no registry URL found in name for scope @angular
170 silly mapToRegistry using default registry
171 silly mapToRegistry registry https://registry.npmjs.org/
172 silly mapToRegistry uri https://registry.npmjs.org/@angular%2fplatform-browser-dynamic
173 verbose addNameVersion registry:https://registry.npmjs.org/@angular%2fplatform-browser-dynamic not in flight; fetching
174 verbose get https://registry.npmjs.org/@angular%2fplatform-browser-dynamic not expired, no request
175 silly mapToRegistry name @angular/platform-browser-dynamic
176 silly mapToRegistry scope (from package name) @angular
177 verbose mapToRegistry no registry URL found in name for scope @angular
178 silly mapToRegistry using default registry
179 silly mapToRegistry registry https://registry.npmjs.org/
180 silly mapToRegistry uri https://registry.npmjs.org/@angular%2fplatform-browser-dynamic
181 verbose addRemoteTarball https://registry.npmjs.org/@angular/platform-browser-dynamic/-/platform-browser-dynamic-2.0.0-rc.4.tgz not in flight; adding
182 verbose addRemoteTarball [ 'https://registry.npmjs.org/@angular/platform-browser-dynamic/-/platform-browser-dynamic-2.0.0-rc.4.tgz',
182 verbose addRemoteTarball   '8653d31018c54c65a6d88864bb0af8d024691788' ]
183 info retry fetch attempt 1 at 4:41:31 PM
184 info attempt registry request try #1 at 4:41:31 PM
185 http fetch GET https://registry.npmjs.org/@angular/platform-browser-dynamic/-/platform-browser-dynamic-2.0.0-rc.4.tgz
186 http 200 https://registry.npmjs.org/@angular%2frouter
187 verbose headers { server: 'CouchDB/1.5.0 (Erlang OTP/R16B03)',
187 verbose headers   etag: '"DD28O01QUYE6JU5L78X8HCXYH"',
187 verbose headers   'content-type': 'application/json',
187 verbose headers   'content-encoding': 'gzip',
187 verbose headers   'cache-control': 'max-age=0',
187 verbose headers   'transfer-encoding': 'chunked',
187 verbose headers   'accept-ranges': 'bytes',
187 verbose headers   date: 'Wed, 06 Jul 2016 21:41:31 GMT',
187 verbose headers   via: '1.1 varnish',
187 verbose headers   age: '0',
187 verbose headers   connection: 'keep-alive',
187 verbose headers   'x-served-by': 'cache-dfw1842-DFW',
187 verbose headers   'x-cache': 'MISS',
187 verbose headers   'x-cache-hits': '0',
187 verbose headers   'x-timer': 'S1467841290.918822,VS0,VE329',
187 verbose headers   vary: 'Accept-Encoding' }
188 silly get cb [ 200,
188 silly get   { server: 'CouchDB/1.5.0 (Erlang OTP/R16B03)',
188 silly get     etag: '"DD28O01QUYE6JU5L78X8HCXYH"',
188 silly get     'content-type': 'application/json',
188 silly get     'content-encoding': 'gzip',
188 silly get     'cache-control': 'max-age=0',
188 silly get     'transfer-encoding': 'chunked',
188 silly get     'accept-ranges': 'bytes',
188 silly get     date: 'Wed, 06 Jul 2016 21:41:31 GMT',
188 silly get     via: '1.1 varnish',
188 silly get     age: '0',
188 silly get     connection: 'keep-alive',
188 silly get     'x-served-by': 'cache-dfw1842-DFW',
188 silly get     'x-cache': 'MISS',
188 silly get     'x-cache-hits': '0',
188 silly get     'x-timer': 'S1467841290.918822,VS0,VE329',
188 silly get     vary: 'Accept-Encoding' } ]
189 verbose get saving @angular/router to /home/kbye/.npm/registry.npmjs.org/_40angular_252frouter/.cache.json
190 silly fetchPackageMetaData Error: No compatible version found: @angular/router@2.0.0-rc.4
190 silly fetchPackageMetaData Valid install targets:
190 silly fetchPackageMetaData 3.0.0-beta.2, 3.0.0-beta.1, 3.0.0-alpha.8, 3.0.0-alpha.7, 3.0.0-alpha.6, 3.0.0-alpha.5, 3.0.0-alpha.4, 3.0.0-alpha.3, 3.0.0-alpha.2, 3.0.0-alpha.1, 3.0.0-alpha.0, 2.0.0-rc.2, 2.0.0-rc.1, 2.0.0-rc.0, 0.2.0, 0.1.0, 0.0.1, 0.0.0-7, 0.0.0-6, 0.0.0-5, 0.0.0-4, 0.0.0-3, 0.0.0-2, 0.0.0-1, 0.0.0-0
190 silly fetchPackageMetaData
190 silly fetchPackageMetaData     at pickVersionFromRegistryDocument (/home/kbye/.nvm/versions/node/v5.4.0/lib/node_modules/npm/lib/fetch-package-metadata.js:156:16)
190 silly fetchPackageMetaData     at /home/kbye/.nvm/versions/node/v5.4.0/lib/node_modules/npm/node_modules/iferr/index.js:13:50
190 silly fetchPackageMetaData     at /home/kbye/.nvm/versions/node/v5.4.0/lib/node_modules/npm/lib/utils/pulse-till-done.js:19:8
190 silly fetchPackageMetaData     at saved (/home/kbye/.nvm/versions/node/v5.4.0/lib/node_modules/npm/lib/cache/caching-client.js:168:7)
190 silly fetchPackageMetaData     at /home/kbye/.nvm/versions/node/v5.4.0/lib/node_modules/npm/node_modules/graceful-fs/polyfills.js:210:7
190 silly fetchPackageMetaData     at FSReqWrap.oncomplete (fs.js:82:15)
190 silly fetchPackageMetaData  error for @angular/router@2.0.0-rc.4 [Error: No compatible version found: @angular/router@2.0.0-rc.4
190 silly fetchPackageMetaData Valid install targets:
190 silly fetchPackageMetaData 3.0.0-beta.2, 3.0.0-beta.1, 3.0.0-alpha.8, 3.0.0-alpha.7, 3.0.0-alpha.6, 3.0.0-alpha.5, 3.0.0-alpha.4, 3.0.0-alpha.3, 3.0.0-alpha.2, 3.0.0-alpha.1, 3.0.0-alpha.0, 2.0.0-rc.2, 2.0.0-rc.1, 2.0.0-rc.0, 0.2.0, 0.1.0, 0.0.1, 0.0.0-7, 0.0.0-6, 0.0.0-5, 0.0.0-4, 0.0.0-3, 0.0.0-2, 0.0.0-1, 0.0.0-0
190 silly fetchPackageMetaData ]
191 http 200 https://registry.npmjs.org/@angular%2fcompiler
192 verbose headers { server: 'CouchDB/1.5.0 (Erlang OTP/R16B03)',
192 verbose headers   etag: '"CM5G08T6C28X22FSNWO7J2TLK"',
192 verbose headers   'content-type': 'application/json',
192 verbose headers   'content-encoding': 'gzip',
192 verbose headers   'cache-control': 'max-age=0',
192 verbose headers   'transfer-encoding': 'chunked',
192 verbose headers   'accept-ranges': 'bytes',
192 verbose headers   date: 'Wed, 06 Jul 2016 21:41:31 GMT',
192 verbose headers   via: '1.1 varnish',
192 verbose headers   age: '0',
192 verbose headers   connection: 'keep-alive',
192 verbose headers   'x-served-by': 'cache-dfw1846-DFW',
192 verbose headers   'x-cache': 'MISS',
192 verbose headers   'x-cache-hits': '0',
192 verbose headers   'x-timer': 'S1467841290.917264,VS0,VE366',
192 verbose headers   vary: 'Accept-Encoding' }
193 silly get cb [ 200,
193 silly get   { server: 'CouchDB/1.5.0 (Erlang OTP/R16B03)',
193 silly get     etag: '"CM5G08T6C28X22FSNWO7J2TLK"',
193 silly get     'content-type': 'application/json',
193 silly get     'content-encoding': 'gzip',
193 silly get     'cache-control': 'max-age=0',
193 silly get     'transfer-encoding': 'chunked',
193 silly get     'accept-ranges': 'bytes',
193 silly get     date: 'Wed, 06 Jul 2016 21:41:31 GMT',
193 silly get     via: '1.1 varnish',
193 silly get     age: '0',
193 silly get     connection: 'keep-alive',
193 silly get     'x-served-by': 'cache-dfw1846-DFW',
193 silly get     'x-cache': 'MISS',
193 silly get     'x-cache-hits': '0',
193 silly get     'x-timer': 'S1467841290.917264,VS0,VE366',
193 silly get     vary: 'Accept-Encoding' } ]
194 verbose get saving @angular/compiler to /home/kbye/.npm/registry.npmjs.org/_40angular_252fcompiler/.cache.json
195 http 200 https://registry.npmjs.org/@angular%2frouter-deprecated
196 verbose headers { server: 'CouchDB/1.5.0 (Erlang OTP/R16B03)',
196 verbose headers   etag: '"4N3WIBBPFSIBA83WA7GKRUC7Z"',
196 verbose headers   'content-type': 'application/json',
196 verbose headers   'content-encoding': 'gzip',
196 verbose headers   'cache-control': 'max-age=0',
196 verbose headers   'transfer-encoding': 'chunked',
196 verbose headers   'accept-ranges': 'bytes',
196 verbose headers   date: 'Wed, 06 Jul 2016 21:41:31 GMT',
196 verbose headers   via: '1.1 varnish',
196 verbose headers   age: '0',
196 verbose headers   connection: 'keep-alive',
196 verbose headers   'x-served-by': 'cache-dfw1847-DFW',
196 verbose headers   'x-cache': 'MISS',
196 verbose headers   'x-cache-hits': '0',
196 verbose headers   'x-timer': 'S1467841290.950257,VS0,VE335',
196 verbose headers   vary: 'Accept-Encoding' }
197 silly get cb [ 200,
197 silly get   { server: 'CouchDB/1.5.0 (Erlang OTP/R16B03)',
197 silly get     etag: '"4N3WIBBPFSIBA83WA7GKRUC7Z"',
197 silly get     'content-type': 'application/json',
197 silly get     'content-encoding': 'gzip',
197 silly get     'cache-control': 'max-age=0',
197 silly get     'transfer-encoding': 'chunked',
197 silly get     'accept-ranges': 'bytes',
197 silly get     date: 'Wed, 06 Jul 2016 21:41:31 GMT',
197 silly get     via: '1.1 varnish',
197 silly get     age: '0',
197 silly get     connection: 'keep-alive',
197 silly get     'x-served-by': 'cache-dfw1847-DFW',
197 silly get     'x-cache': 'MISS',
197 silly get     'x-cache-hits': '0',
197 silly get     'x-timer': 'S1467841290.950257,VS0,VE335',
197 silly get     vary: 'Accept-Encoding' } ]
198 verbose get saving @angular/router-deprecated to /home/kbye/.npm/registry.npmjs.org/_40angular_252frouter-deprecated/.cache.json
199 silly fetchPackageMetaData Error: No compatible version found: @angular/router-deprecated@2.0.0-rc.4
199 silly fetchPackageMetaData Valid install targets:
199 silly fetchPackageMetaData 2.0.0-rc.2, 2.0.0-rc.1, 2.0.0-rc.0, 0.0.0-7, 0.0.0-6
199 silly fetchPackageMetaData
199 silly fetchPackageMetaData     at pickVersionFromRegistryDocument (/home/kbye/.nvm/versions/node/v5.4.0/lib/node_modules/npm/lib/fetch-package-metadata.js:156:16)
199 silly fetchPackageMetaData     at /home/kbye/.nvm/versions/node/v5.4.0/lib/node_modules/npm/node_modules/iferr/index.js:13:50
199 silly fetchPackageMetaData     at /home/kbye/.nvm/versions/node/v5.4.0/lib/node_modules/npm/lib/utils/pulse-till-done.js:19:8
199 silly fetchPackageMetaData     at saved (/home/kbye/.nvm/versions/node/v5.4.0/lib/node_modules/npm/lib/cache/caching-client.js:168:7)
199 silly fetchPackageMetaData     at /home/kbye/.nvm/versions/node/v5.4.0/lib/node_modules/npm/node_modules/graceful-fs/polyfills.js:210:7
199 silly fetchPackageMetaData     at FSReqWrap.oncomplete (fs.js:82:15)
199 silly fetchPackageMetaData  error for @angular/router-deprecated@2.0.0-rc.4 [Error: No compatible version found: @angular/router-deprecated@2.0.0-rc.4
199 silly fetchPackageMetaData Valid install targets:
199 silly fetchPackageMetaData 2.0.0-rc.2, 2.0.0-rc.1, 2.0.0-rc.0, 0.0.0-7, 0.0.0-6
199 silly fetchPackageMetaData ]
200 silly resolveWithNewModule @angular/compiler@2.0.0-rc.4 checking installable status
201 silly cache add args [ '@angular/compiler@2.0.0-rc.4', null ]
202 verbose cache add spec @angular/compiler@2.0.0-rc.4
203 silly cache add parsed spec Result {
203 silly cache add   raw: '@angular/compiler@2.0.0-rc.4',
203 silly cache add   scope: '@angular',
203 silly cache add   name: '@angular/compiler',
203 silly cache add   rawSpec: '2.0.0-rc.4',
203 silly cache add   spec: '2.0.0-rc.4',
203 silly cache add   type: 'version' }
204 silly addNamed @angular/compiler@2.0.0-rc.4
205 verbose addNamed "2.0.0-rc.4" is a plain semver version for @angular/compiler
206 silly mapToRegistry name @angular/compiler
207 silly mapToRegistry scope (from package name) @angular
208 verbose mapToRegistry no registry URL found in name for scope @angular
209 silly mapToRegistry using default registry
210 silly mapToRegistry registry https://registry.npmjs.org/
211 silly mapToRegistry uri https://registry.npmjs.org/@angular%2fcompiler
212 verbose addNameVersion registry:https://registry.npmjs.org/@angular%2fcompiler not in flight; fetching
213 http 200 https://registry.npmjs.org/@angular%2fupgrade
214 verbose headers { server: 'CouchDB/1.5.0 (Erlang OTP/R16B03)',
214 verbose headers   etag: '"ETNPYE3YVWQ93I4K63JSABP3V"',
214 verbose headers   'content-type': 'application/json',
214 verbose headers   'content-encoding': 'gzip',
214 verbose headers   'cache-control': 'max-age=0',
214 verbose headers   'transfer-encoding': 'chunked',
214 verbose headers   'accept-ranges': 'bytes',
214 verbose headers   date: 'Wed, 06 Jul 2016 21:41:31 GMT',
214 verbose headers   via: '1.1 varnish',
214 verbose headers   age: '0',
214 verbose headers   connection: 'keep-alive',
214 verbose headers   'x-served-by': 'cache-dfw1825-DFW',
214 verbose headers   'x-cache': 'MISS',
214 verbose headers   'x-cache-hits': '0',
214 verbose headers   'x-timer': 'S1467841290.922048,VS0,VE385',
214 verbose headers   vary: 'Accept-Encoding' }
215 silly get cb [ 200,
215 silly get   { server: 'CouchDB/1.5.0 (Erlang OTP/R16B03)',
215 silly get     etag: '"ETNPYE3YVWQ93I4K63JSABP3V"',
215 silly get     'content-type': 'application/json',
215 silly get     'content-encoding': 'gzip',
215 silly get     'cache-control': 'max-age=0',
215 silly get     'transfer-encoding': 'chunked',
215 silly get     'accept-ranges': 'bytes',
215 silly get     date: 'Wed, 06 Jul 2016 21:41:31 GMT',
215 silly get     via: '1.1 varnish',
215 silly get     age: '0',
215 silly get     connection: 'keep-alive',
215 silly get     'x-served-by': 'cache-dfw1825-DFW',
215 silly get     'x-cache': 'MISS',
215 silly get     'x-cache-hits': '0',
215 silly get     'x-timer': 'S1467841290.922048,VS0,VE385',
215 silly get     vary: 'Accept-Encoding' } ]
216 verbose get saving @angular/upgrade to /home/kbye/.npm/registry.npmjs.org/_40angular_252fupgrade/.cache.json
217 verbose get https://registry.npmjs.org/@angular%2fcompiler not expired, no request
218 silly mapToRegistry name @angular/compiler
219 silly mapToRegistry scope (from package name) @angular
220 verbose mapToRegistry no registry URL found in name for scope @angular
221 silly mapToRegistry using default registry
222 silly mapToRegistry registry https://registry.npmjs.org/
223 silly mapToRegistry uri https://registry.npmjs.org/@angular%2fcompiler
224 verbose addRemoteTarball https://registry.npmjs.org/@angular/compiler/-/compiler-2.0.0-rc.4.tgz not in flight; adding
225 verbose addRemoteTarball [ 'https://registry.npmjs.org/@angular/compiler/-/compiler-2.0.0-rc.4.tgz',
225 verbose addRemoteTarball   '1cb82028b8ed732009cf4c82dbc7f3385dca3684' ]
226 silly resolveWithNewModule @angular/upgrade@2.0.0-rc.4 checking installable status
227 silly cache add args [ '@angular/upgrade@2.0.0-rc.4', null ]
228 verbose cache add spec @angular/upgrade@2.0.0-rc.4
229 silly cache add parsed spec Result {
229 silly cache add   raw: '@angular/upgrade@2.0.0-rc.4',
229 silly cache add   scope: '@angular',
229 silly cache add   name: '@angular/upgrade',
229 silly cache add   rawSpec: '2.0.0-rc.4',
229 silly cache add   spec: '2.0.0-rc.4',
229 silly cache add   type: 'version' }
230 silly addNamed @angular/upgrade@2.0.0-rc.4
231 verbose addNamed "2.0.0-rc.4" is a plain semver version for @angular/upgrade
232 silly mapToRegistry name @angular/upgrade
233 silly mapToRegistry scope (from package name) @angular
234 verbose mapToRegistry no registry URL found in name for scope @angular
235 silly mapToRegistry using default registry
236 silly mapToRegistry registry https://registry.npmjs.org/
237 silly mapToRegistry uri https://registry.npmjs.org/@angular%2fupgrade
238 verbose addNameVersion registry:https://registry.npmjs.org/@angular%2fupgrade not in flight; fetching
239 info retry fetch attempt 1 at 4:41:31 PM
240 info attempt registry request try #1 at 4:41:31 PM
241 http fetch GET https://registry.npmjs.org/@angular/compiler/-/compiler-2.0.0-rc.4.tgz
242 verbose get https://registry.npmjs.org/@angular%2fupgrade not expired, no request
243 silly mapToRegistry name @angular/upgrade
244 silly mapToRegistry scope (from package name) @angular
245 verbose mapToRegistry no registry URL found in name for scope @angular
246 silly mapToRegistry using default registry
247 silly mapToRegistry registry https://registry.npmjs.org/
248 silly mapToRegistry uri https://registry.npmjs.org/@angular%2fupgrade
249 verbose addRemoteTarball https://registry.npmjs.org/@angular/upgrade/-/upgrade-2.0.0-rc.4.tgz not in flight; adding
250 verbose addRemoteTarball [ 'https://registry.npmjs.org/@angular/upgrade/-/upgrade-2.0.0-rc.4.tgz',
250 verbose addRemoteTarball   'aa7d56b1c78fca9c0165acf6952b26d0cda81999' ]
251 info retry fetch attempt 1 at 4:41:31 PM
252 info attempt registry request try #1 at 4:41:31 PM
253 http fetch GET https://registry.npmjs.org/@angular/upgrade/-/upgrade-2.0.0-rc.4.tgz
254 http 200 https://registry.npmjs.org/@angular%2fplatform-browser
255 verbose headers { server: 'CouchDB/1.5.0 (Erlang OTP/R16B03)',
255 verbose headers   etag: '"EUIWOGYU4MEWY438P6TG1S5Q3"',
255 verbose headers   'content-type': 'application/json',
255 verbose headers   'content-encoding': 'gzip',
255 verbose headers   'cache-control': 'max-age=0',
255 verbose headers   'transfer-encoding': 'chunked',
255 verbose headers   'accept-ranges': 'bytes',
255 verbose headers   date: 'Wed, 06 Jul 2016 21:41:31 GMT',
255 verbose headers   via: '1.1 varnish',
255 verbose headers   age: '0',
255 verbose headers   connection: 'keep-alive',
255 verbose headers   'x-served-by': 'cache-dfw1841-DFW',
255 verbose headers   'x-cache': 'MISS',
255 verbose headers   'x-cache-hits': '0',
255 verbose headers   'x-timer': 'S1467841290.827266,VS0,VE504',
255 verbose headers   vary: 'Accept-Encoding' }
256 silly get cb [ 200,
256 silly get   { server: 'CouchDB/1.5.0 (Erlang OTP/R16B03)',
256 silly get     etag: '"EUIWOGYU4MEWY438P6TG1S5Q3"',
256 silly get     'content-type': 'application/json',
256 silly get     'content-encoding': 'gzip',
256 silly get     'cache-control': 'max-age=0',
256 silly get     'transfer-encoding': 'chunked',
256 silly get     'accept-ranges': 'bytes',
256 silly get     date: 'Wed, 06 Jul 2016 21:41:31 GMT',
256 silly get     via: '1.1 varnish',
256 silly get     age: '0',
256 silly get     connection: 'keep-alive',
256 silly get     'x-served-by': 'cache-dfw1841-DFW',
256 silly get     'x-cache': 'MISS',
256 silly get     'x-cache-hits': '0',
256 silly get     'x-timer': 'S1467841290.827266,VS0,VE504',
256 silly get     vary: 'Accept-Encoding' } ]
257 verbose get saving @angular/platform-browser to /home/kbye/.npm/registry.npmjs.org/_40angular_252fplatform-browser/.cache.json
258 silly resolveWithNewModule @angular/platform-browser@2.0.0-rc.4 checking installable status
259 silly cache add args [ '@angular/platform-browser@2.0.0-rc.4', null ]
260 verbose cache add spec @angular/platform-browser@2.0.0-rc.4
261 silly cache add parsed spec Result {
261 silly cache add   raw: '@angular/platform-browser@2.0.0-rc.4',
261 silly cache add   scope: '@angular',
261 silly cache add   name: '@angular/platform-browser',
261 silly cache add   rawSpec: '2.0.0-rc.4',
261 silly cache add   spec: '2.0.0-rc.4',
261 silly cache add   type: 'version' }
262 silly addNamed @angular/platform-browser@2.0.0-rc.4
263 verbose addNamed "2.0.0-rc.4" is a plain semver version for @angular/platform-browser
264 silly mapToRegistry name @angular/platform-browser
265 silly mapToRegistry scope (from package name) @angular
266 verbose mapToRegistry no registry URL found in name for scope @angular
267 silly mapToRegistry using default registry
268 silly mapToRegistry registry https://registry.npmjs.org/
269 silly mapToRegistry uri https://registry.npmjs.org/@angular%2fplatform-browser
270 verbose addNameVersion registry:https://registry.npmjs.org/@angular%2fplatform-browser not in flight; fetching
271 verbose get https://registry.npmjs.org/@angular%2fplatform-browser not expired, no request
272 silly mapToRegistry name @angular/platform-browser
273 silly mapToRegistry scope (from package name) @angular
274 verbose mapToRegistry no registry URL found in name for scope @angular
275 silly mapToRegistry using default registry
276 silly mapToRegistry registry https://registry.npmjs.org/
277 silly mapToRegistry uri https://registry.npmjs.org/@angular%2fplatform-browser
278 verbose addRemoteTarball https://registry.npmjs.org/@angular/platform-browser/-/platform-browser-2.0.0-rc.4.tgz not in flight; adding
279 verbose addRemoteTarball [ 'https://registry.npmjs.org/@angular/platform-browser/-/platform-browser-2.0.0-rc.4.tgz',
279 verbose addRemoteTarball   '519e9057b5cc73f0f615c54d45a1c185956df7d1' ]
280 info retry fetch attempt 1 at 4:41:31 PM
281 info attempt registry request try #1 at 4:41:31 PM
282 http fetch GET https://registry.npmjs.org/@angular/platform-browser/-/platform-browser-2.0.0-rc.4.tgz
283 http 200 https://registry.npmjs.org/@angular%2fcore
284 verbose headers { server: 'CouchDB/1.5.0 (Erlang OTP/R16B03)',
284 verbose headers   etag: '"1X37YGWTH6TF2CMA8R4JNSJFQ"',
284 verbose headers   'content-type': 'application/json',
284 verbose headers   'content-encoding': 'gzip',
284 verbose headers   'cache-control': 'max-age=0',
284 verbose headers   'transfer-encoding': 'chunked',
284 verbose headers   'accept-ranges': 'bytes',
284 verbose headers   date: 'Wed, 06 Jul 2016 21:41:31 GMT',
284 verbose headers   via: '1.1 varnish',
284 verbose headers   age: '0',
284 verbose headers   connection: 'keep-alive',
284 verbose headers   'x-served-by': 'cache-dfw1843-DFW',
284 verbose headers   'x-cache': 'MISS',
284 verbose headers   'x-cache-hits': '0',
284 verbose headers   'x-timer': 'S1467841290.832379,VS0,VE541',
284 verbose headers   vary: 'Accept-Encoding' }
285 silly get cb [ 200,
285 silly get   { server: 'CouchDB/1.5.0 (Erlang OTP/R16B03)',
285 silly get     etag: '"1X37YGWTH6TF2CMA8R4JNSJFQ"',
285 silly get     'content-type': 'application/json',
285 silly get     'content-encoding': 'gzip',
285 silly get     'cache-control': 'max-age=0',
285 silly get     'transfer-encoding': 'chunked',
285 silly get     'accept-ranges': 'bytes',
285 silly get     date: 'Wed, 06 Jul 2016 21:41:31 GMT',
285 silly get     via: '1.1 varnish',
285 silly get     age: '0',
285 silly get     connection: 'keep-alive',
285 silly get     'x-served-by': 'cache-dfw1843-DFW',
285 silly get     'x-cache': 'MISS',
285 silly get     'x-cache-hits': '0',
285 silly get     'x-timer': 'S1467841290.832379,VS0,VE541',
285 silly get     vary: 'Accept-Encoding' } ]
286 verbose get saving @angular/core to /home/kbye/.npm/registry.npmjs.org/_40angular_252fcore/.cache.json
287 silly resolveWithNewModule @angular/core@2.0.0-rc.4 checking installable status
288 silly cache add args [ '@angular/core@2.0.0-rc.4', null ]
289 verbose cache add spec @angular/core@2.0.0-rc.4
290 silly cache add parsed spec Result {
290 silly cache add   raw: '@angular/core@2.0.0-rc.4',
290 silly cache add   scope: '@angular',
290 silly cache add   name: '@angular/core',
290 silly cache add   rawSpec: '2.0.0-rc.4',
290 silly cache add   spec: '2.0.0-rc.4',
290 silly cache add   type: 'version' }
291 silly addNamed @angular/core@2.0.0-rc.4
292 verbose addNamed "2.0.0-rc.4" is a plain semver version for @angular/core
293 silly mapToRegistry name @angular/core
294 silly mapToRegistry scope (from package name) @angular
295 verbose mapToRegistry no registry URL found in name for scope @angular
296 silly mapToRegistry using default registry
297 silly mapToRegistry registry https://registry.npmjs.org/
298 silly mapToRegistry uri https://registry.npmjs.org/@angular%2fcore
299 verbose addNameVersion registry:https://registry.npmjs.org/@angular%2fcore not in flight; fetching
300 verbose get https://registry.npmjs.org/@angular%2fcore not expired, no request
301 silly mapToRegistry name @angular/core
302 silly mapToRegistry scope (from package name) @angular
303 verbose mapToRegistry no registry URL found in name for scope @angular
304 silly mapToRegistry using default registry
305 silly mapToRegistry registry https://registry.npmjs.org/
306 silly mapToRegistry uri https://registry.npmjs.org/@angular%2fcore
307 verbose addRemoteTarball https://registry.npmjs.org/@angular/core/-/core-2.0.0-rc.4.tgz not in flight; adding
308 verbose addRemoteTarball [ 'https://registry.npmjs.org/@angular/core/-/core-2.0.0-rc.4.tgz',
308 verbose addRemoteTarball   'f3f98f906fcf0cb87d2c7d7f230ca95ea81cb6e0' ]
309 info retry fetch attempt 1 at 4:41:31 PM
310 info attempt registry request try #1 at 4:41:31 PM
311 http fetch GET https://registry.npmjs.org/@angular/core/-/core-2.0.0-rc.4.tgz
312 http fetch 200 https://registry.npmjs.org/@angular/common/-/common-2.0.0-rc.4.tgz
313 http fetch 200 https://registry.npmjs.org/@angular/platform-browser-dynamic/-/platform-browser-dynamic-2.0.0-rc.4.tgz
314 http fetch 200 https://registry.npmjs.org/@angular/compiler/-/compiler-2.0.0-rc.4.tgz
315 http fetch 200 https://registry.npmjs.org/@angular/upgrade/-/upgrade-2.0.0-rc.4.tgz
316 silly fetchAndShaCheck shasum 8653d31018c54c65a6d88864bb0af8d024691788
317 verbose addTmpTarball /tmp/npm-3982-4a398cf8/registry.npmjs.org/_40angular/platform-browser-dynamic/-/platform-browser-dynamic-2.0.0-rc.4.tgz not in flight; adding
318 verbose addTmpTarball already have metadata; skipping unpack for @angular/platform-browser-dynamic@2.0.0-rc.4
319 silly cache afterAdd @angular/platform-browser-dynamic@2.0.0-rc.4
320 verbose afterAdd /home/kbye/.npm/@angular/platform-browser-dynamic/2.0.0-rc.4/package/package.json not in flight; writing
321 silly fetchAndShaCheck shasum c3b0a87cd1e316be2a940bb80319e055898f89e6
322 verbose afterAdd /home/kbye/.npm/@angular/platform-browser-dynamic/2.0.0-rc.4/package/package.json written
323 verbose addTmpTarball /tmp/npm-3982-4a398cf8/registry.npmjs.org/_40angular/common/-/common-2.0.0-rc.4.tgz not in flight; adding
324 verbose addTmpTarball already have metadata; skipping unpack for @angular/common@2.0.0-rc.4
325 silly cache afterAdd @angular/common@2.0.0-rc.4
326 verbose afterAdd /home/kbye/.npm/@angular/common/2.0.0-rc.4/package/package.json not in flight; writing
327 verbose afterAdd /home/kbye/.npm/@angular/common/2.0.0-rc.4/package/package.json written
328 http fetch 200 https://registry.npmjs.org/@angular/platform-browser/-/platform-browser-2.0.0-rc.4.tgz
329 http fetch 200 https://registry.npmjs.org/@angular/core/-/core-2.0.0-rc.4.tgz
330 silly fetchAndShaCheck shasum aa7d56b1c78fca9c0165acf6952b26d0cda81999
331 verbose addTmpTarball /tmp/npm-3982-4a398cf8/registry.npmjs.org/_40angular/upgrade/-/upgrade-2.0.0-rc.4.tgz not in flight; adding
332 verbose addTmpTarball already have metadata; skipping unpack for @angular/upgrade@2.0.0-rc.4
333 silly cache afterAdd @angular/upgrade@2.0.0-rc.4
334 verbose afterAdd /home/kbye/.npm/@angular/upgrade/2.0.0-rc.4/package/package.json not in flight; writing
335 verbose afterAdd /home/kbye/.npm/@angular/upgrade/2.0.0-rc.4/package/package.json written
336 silly fetchAndShaCheck shasum 1cb82028b8ed732009cf4c82dbc7f3385dca3684
337 verbose addTmpTarball /tmp/npm-3982-4a398cf8/registry.npmjs.org/_40angular/compiler/-/compiler-2.0.0-rc.4.tgz not in flight; adding
338 verbose addTmpTarball already have metadata; skipping unpack for @angular/compiler@2.0.0-rc.4
339 silly cache afterAdd @angular/compiler@2.0.0-rc.4
340 verbose afterAdd /home/kbye/.npm/@angular/compiler/2.0.0-rc.4/package/package.json not in flight; writing
341 verbose afterAdd /home/kbye/.npm/@angular/compiler/2.0.0-rc.4/package/package.json written
342 silly fetchAndShaCheck shasum 519e9057b5cc73f0f615c54d45a1c185956df7d1
343 verbose addTmpTarball /tmp/npm-3982-4a398cf8/registry.npmjs.org/_40angular/platform-browser/-/platform-browser-2.0.0-rc.4.tgz not in flight; adding
344 verbose addTmpTarball already have metadata; skipping unpack for @angular/platform-browser@2.0.0-rc.4
345 silly cache afterAdd @angular/platform-browser@2.0.0-rc.4
346 verbose afterAdd /home/kbye/.npm/@angular/platform-browser/2.0.0-rc.4/package/package.json not in flight; writing
347 verbose afterAdd /home/kbye/.npm/@angular/platform-browser/2.0.0-rc.4/package/package.json written
348 silly fetchAndShaCheck shasum f3f98f906fcf0cb87d2c7d7f230ca95ea81cb6e0
349 verbose addTmpTarball /tmp/npm-3982-4a398cf8/registry.npmjs.org/_40angular/core/-/core-2.0.0-rc.4.tgz not in flight; adding
350 verbose addTmpTarball already have metadata; skipping unpack for @angular/core@2.0.0-rc.4
351 silly cache afterAdd @angular/core@2.0.0-rc.4
352 verbose afterAdd /home/kbye/.npm/@angular/core/2.0.0-rc.4/package/package.json not in flight; writing
353 verbose afterAdd /home/kbye/.npm/@angular/core/2.0.0-rc.4/package/package.json written
354 http 200 https://registry.npmjs.org/@angular%2fhttp
355 verbose headers { server: 'CouchDB/1.6.1 (Erlang OTP/R16B03)',
355 verbose headers   etag: '"DFT1G9OMUJQ9UAESG79B8WAWO"',
355 verbose headers   'content-type': 'application/json',
355 verbose headers   'content-encoding': 'gzip',
355 verbose headers   'cache-control': 'max-age=0',
355 verbose headers   'transfer-encoding': 'chunked',
355 verbose headers   'accept-ranges': 'bytes',
355 verbose headers   date: 'Wed, 06 Jul 2016 21:41:36 GMT',
355 verbose headers   via: '1.1 varnish',
355 verbose headers   age: '0',
355 verbose headers   connection: 'keep-alive',
355 verbose headers   'x-served-by': 'cache-dfw1842-DFW',
355 verbose headers   'x-cache': 'MISS',
355 verbose headers   'x-cache-hits': '0',
355 verbose headers   'x-timer': 'S1467841295.835674,VS0,VE317',
355 verbose headers   vary: 'Accept-Encoding' }
356 silly get cb [ 200,
356 silly get   { server: 'CouchDB/1.6.1 (Erlang OTP/R16B03)',
356 silly get     etag: '"DFT1G9OMUJQ9UAESG79B8WAWO"',
356 silly get     'content-type': 'application/json',
356 silly get     'content-encoding': 'gzip',
356 silly get     'cache-control': 'max-age=0',
356 silly get     'transfer-encoding': 'chunked',
356 silly get     'accept-ranges': 'bytes',
356 silly get     date: 'Wed, 06 Jul 2016 21:41:36 GMT',
356 silly get     via: '1.1 varnish',
356 silly get     age: '0',
356 silly get     connection: 'keep-alive',
356 silly get     'x-served-by': 'cache-dfw1842-DFW',
356 silly get     'x-cache': 'MISS',
356 silly get     'x-cache-hits': '0',
356 silly get     'x-timer': 'S1467841295.835674,VS0,VE317',
356 silly get     vary: 'Accept-Encoding' } ]
357 verbose get saving @angular/http to /home/kbye/.npm/registry.npmjs.org/_40angular_252fhttp/.cache.json
358 silly resolveWithNewModule @angular/http@2.0.0-rc.4 checking installable status
359 silly cache add args [ '@angular/http@2.0.0-rc.4', null ]
360 verbose cache add spec @angular/http@2.0.0-rc.4
361 silly cache add parsed spec Result {
361 silly cache add   raw: '@angular/http@2.0.0-rc.4',
361 silly cache add   scope: '@angular',
361 silly cache add   name: '@angular/http',
361 silly cache add   rawSpec: '2.0.0-rc.4',
361 silly cache add   spec: '2.0.0-rc.4',
361 silly cache add   type: 'version' }
362 silly addNamed @angular/http@2.0.0-rc.4
363 verbose addNamed "2.0.0-rc.4" is a plain semver version for @angular/http
364 silly mapToRegistry name @angular/http
365 silly mapToRegistry scope (from package name) @angular
366 verbose mapToRegistry no registry URL found in name for scope @angular
367 silly mapToRegistry using default registry
368 silly mapToRegistry registry https://registry.npmjs.org/
369 silly mapToRegistry uri https://registry.npmjs.org/@angular%2fhttp
370 verbose addNameVersion registry:https://registry.npmjs.org/@angular%2fhttp not in flight; fetching
371 verbose get https://registry.npmjs.org/@angular%2fhttp not expired, no request
372 silly mapToRegistry name @angular/http
373 silly mapToRegistry scope (from package name) @angular
374 verbose mapToRegistry no registry URL found in name for scope @angular
375 silly mapToRegistry using default registry
376 silly mapToRegistry registry https://registry.npmjs.org/
377 silly mapToRegistry uri https://registry.npmjs.org/@angular%2fhttp
378 verbose addRemoteTarball https://registry.npmjs.org/@angular/http/-/http-2.0.0-rc.4.tgz not in flight; adding
379 verbose addRemoteTarball [ 'https://registry.npmjs.org/@angular/http/-/http-2.0.0-rc.4.tgz',
379 verbose addRemoteTarball   '8f92acd2c5f820f890f37757d9a6c3c7c9d86b8d' ]
380 info retry fetch attempt 1 at 4:41:36 PM
381 info attempt registry request try #1 at 4:41:36 PM
382 http fetch GET https://registry.npmjs.org/@angular/http/-/http-2.0.0-rc.4.tgz
383 http fetch 200 https://registry.npmjs.org/@angular/http/-/http-2.0.0-rc.4.tgz
384 silly fetchAndShaCheck shasum 8f92acd2c5f820f890f37757d9a6c3c7c9d86b8d
385 verbose addTmpTarball /tmp/npm-3982-4a398cf8/registry.npmjs.org/_40angular/http/-/http-2.0.0-rc.4.tgz not in flight; adding
386 verbose addTmpTarball already have metadata; skipping unpack for @angular/http@2.0.0-rc.4
387 silly cache afterAdd @angular/http@2.0.0-rc.4
388 verbose afterAdd /home/kbye/.npm/@angular/http/2.0.0-rc.4/package/package.json not in flight; writing
389 verbose afterAdd /home/kbye/.npm/@angular/http/2.0.0-rc.4/package/package.json written
390 silly rollbackFailedOptional Starting
391 silly rollbackFailedOptional Finishing
392 silly runTopLevelLifecycles Starting
393 silly runTopLevelLifecycles Finishing
394 silly install printInstalled
395 verbose stack Error: No compatible version found: @angular/router@2.0.0-rc.4
395 verbose stack Valid install targets:
395 verbose stack 3.0.0-beta.2, 3.0.0-beta.1, 3.0.0-alpha.8, 3.0.0-alpha.7, 3.0.0-alpha.6, 3.0.0-alpha.5, 3.0.0-alpha.4, 3.0.0-alpha.3, 3.0.0-alpha.2, 3.0.0-alpha.1, 3.0.0-alpha.0, 2.0.0-rc.2, 2.0.0-rc.1, 2.0.0-rc.0, 0.2.0, 0.1.0, 0.0.1, 0.0.0-7, 0.0.0-6, 0.0.0-5, 0.0.0-4, 0.0.0-3, 0.0.0-2, 0.0.0-1, 0.0.0-0
395 verbose stack
395 verbose stack     at pickVersionFromRegistryDocument (/home/kbye/.nvm/versions/node/v5.4.0/lib/node_modules/npm/lib/fetch-package-metadata.js:156:16)
395 verbose stack     at /home/kbye/.nvm/versions/node/v5.4.0/lib/node_modules/npm/node_modules/iferr/index.js:13:50
395 verbose stack     at /home/kbye/.nvm/versions/node/v5.4.0/lib/node_modules/npm/lib/utils/pulse-till-done.js:19:8
395 verbose stack     at saved (/home/kbye/.nvm/versions/node/v5.4.0/lib/node_modules/npm/lib/cache/caching-client.js:168:7)
395 verbose stack     at /home/kbye/.nvm/versions/node/v5.4.0/lib/node_modules/npm/node_modules/graceful-fs/polyfills.js:210:7
395 verbose stack     at FSReqWrap.oncomplete (fs.js:82:15)
396 verbose cwd /home/kbye/workspace/portfolio
397 error Linux 3.19.0-56-generic
398 error argv "/home/kbye/.nvm/versions/node/v5.4.0/bin/node" "/home/kbye/.nvm/versions/node/v5.4.0/bin/npm" "i"
399 error node v5.4.0
400 error npm  v3.3.12
401 error No compatible version found: @angular/router@2.0.0-rc.4
401 error Valid install targets:
401 error 3.0.0-beta.2, 3.0.0-beta.1, 3.0.0-alpha.8, 3.0.0-alpha.7, 3.0.0-alpha.6, 3.0.0-alpha.5, 3.0.0-alpha.4, 3.0.0-alpha.3, 3.0.0-alpha.2, 3.0.0-alpha.1, 3.0.0-alpha.0, 2.0.0-rc.2, 2.0.0-rc.1, 2.0.0-rc.0, 0.2.0, 0.1.0, 0.0.1, 0.0.0-7, 0.0.0-6, 0.0.0-5, 0.0.0-4, 0.0.0-3, 0.0.0-2, 0.0.0-1, 0.0.0-0
402 error If you need help, you may report this error at:
402 error     <https://github.com/npm/npm/issues>
403 verbose exit [ 1, true ]
